<?xml version="1.0" encoding="UTF-8"?>
<!-- Generated by org.testng.reporters.JUnitXMLReporter -->
<testsuite ignored="2" hostname="mech.local" failures="0" tests="1" name="Test" time="6.094" errors="0" timestamp="2020-06-11T21:08:51 IST">
  <testcase classname="testing_dependency_2.Page2" name="@BeforeMethod setUp" time="5.936">
    <failure type="org.openqa.selenium.SessionNotCreatedException" message="session not created: This version of ChromeDriver only supports Chrome version 78
Build info: version: &amp;apos;3.141.59&amp;apos;, revision: &amp;apos;e82be7d358&amp;apos;, time: &amp;apos;2018-11-14T08:17:03&amp;apos;
System info: host: &amp;apos;mech.local&amp;apos;, ip: &amp;apos;2a02:8084:ca0:bd00:568:a2e8:3450:35fb%en0&amp;apos;, os.name: &amp;apos;Mac OS X&amp;apos;, os.arch: &amp;apos;x86_64&amp;apos;, os.version: &amp;apos;10.13.3&amp;apos;, java.version: &amp;apos;10.0.2&amp;apos;
Driver info: driver.version: ChromeDriver
remote stacktrace: 0   chromedriver                        0x000000010fbaae99 chromedriver + 3747481
1   chromedriver                        0x000000010fb3f4d3 chromedriver + 3306707
2   chromedriver                        0x000000010f8cefef chromedriver + 749551
3   chromedriver                        0x000000010f8309db chromedriver + 100827
4   chromedriver                        0x000000010f82cad1 chromedriver + 84689
5   chromedriver                        0x000000010f85af97 chromedriver + 274327
6   chromedriver                        0x000000010f858163 chromedriver + 262499
7   chromedriver                        0x000000010f832b0d chromedriver + 109325
8   chromedriver                        0x000000010f833aa5 chromedriver + 113317
9   chromedriver                        0x000000010fb6df7f chromedriver + 3497855
10  chromedriver                        0x000000010fb7ab7d chromedriver + 3550077
11  chromedriver                        0x000000010fb7a908 chromedriver + 3549448
12  chromedriver                        0x000000010fb4d029 chromedriver + 3362857
13  chromedriver                        0x000000010fb7b3d8 chromedriver + 3552216
14  chromedriver                        0x000000010fb61a37 chromedriver + 3447351
15  chromedriver                        0x000000010fb90f94 chromedriver + 3641236
16  chromedriver                        0x000000010fbb0c87 chromedriver + 3771527
17  libsystem_pthread.dylib             0x00007fff6cff76c1 _pthread_body + 340
18  libsystem_pthread.dylib             0x00007fff6cff756d _pthread_body + 0
19  libsystem_pthread.dylib             0x00007fff6cff6c5d thread_start + 13
">
      <![CDATA[org.openqa.selenium.SessionNotCreatedException: session not created: This version of ChromeDriver only supports Chrome version 78
Build info: version: '3.141.59', revision: 'e82be7d358', time: '2018-11-14T08:17:03'
System info: host: 'mech.local', ip: '2a02:8084:ca0:bd00:568:a2e8:3450:35fb%en0', os.name: 'Mac OS X', os.arch: 'x86_64', os.version: '10.13.3', java.version: '10.0.2'
Driver info: driver.version: ChromeDriver
remote stacktrace: 0   chromedriver                        0x000000010fbaae99 chromedriver + 3747481
1   chromedriver                        0x000000010fb3f4d3 chromedriver + 3306707
2   chromedriver                        0x000000010f8cefef chromedriver + 749551
3   chromedriver                        0x000000010f8309db chromedriver + 100827
4   chromedriver                        0x000000010f82cad1 chromedriver + 84689
5   chromedriver                        0x000000010f85af97 chromedriver + 274327
6   chromedriver                        0x000000010f858163 chromedriver + 262499
7   chromedriver                        0x000000010f832b0d chromedriver + 109325
8   chromedriver                        0x000000010f833aa5 chromedriver + 113317
9   chromedriver                        0x000000010fb6df7f chromedriver + 3497855
10  chromedriver                        0x000000010fb7ab7d chromedriver + 3550077
11  chromedriver                        0x000000010fb7a908 chromedriver + 3549448
12  chromedriver                        0x000000010fb4d029 chromedriver + 3362857
13  chromedriver                        0x000000010fb7b3d8 chromedriver + 3552216
14  chromedriver                        0x000000010fb61a37 chromedriver + 3447351
15  chromedriver                        0x000000010fb90f94 chromedriver + 3641236
16  chromedriver                        0x000000010fbb0c87 chromedriver + 3771527
17  libsystem_pthread.dylib             0x00007fff6cff76c1 _pthread_body + 340
18  libsystem_pthread.dylib             0x00007fff6cff756d _pthread_body + 0
19  libsystem_pthread.dylib             0x00007fff6cff6c5d thread_start + 13

at org.openqa.selenium.remote.W3CHandshakeResponse.lambda$errorHandler$0(W3CHandshakeResponse.java:62)
at org.openqa.selenium.remote.HandshakeResponse.lambda$getResponseFunction$0(HandshakeResponse.java:30)
at org.openqa.selenium.remote.ProtocolHandshake.lambda$createSession$0(ProtocolHandshake.java:126)
at java.base/java.util.stream.ReferencePipeline$3$1.accept(ReferencePipeline.java:195)
at java.base/java.util.Spliterators$ArraySpliterator.tryAdvance(Spliterators.java:958)
at java.base/java.util.stream.ReferencePipeline.forEachWithCancel(ReferencePipeline.java:127)
at java.base/java.util.stream.AbstractPipeline.copyIntoWithCancel(AbstractPipeline.java:502)
at java.base/java.util.stream.AbstractPipeline.copyInto(AbstractPipeline.java:488)
at java.base/java.util.stream.AbstractPipeline.wrapAndCopyInto(AbstractPipeline.java:474)
at java.base/java.util.stream.FindOps$FindOp.evaluateSequential(FindOps.java:150)
at java.base/java.util.stream.AbstractPipeline.evaluate(AbstractPipeline.java:234)
at java.base/java.util.stream.ReferencePipeline.findFirst(ReferencePipeline.java:543)
at org.openqa.selenium.remote.ProtocolHandshake.createSession(ProtocolHandshake.java:128)
at org.openqa.selenium.remote.ProtocolHandshake.createSession(ProtocolHandshake.java:74)
at org.openqa.selenium.remote.HttpCommandExecutor.execute(HttpCommandExecutor.java:136)
at org.openqa.selenium.remote.service.DriverCommandExecutor.execute(DriverCommandExecutor.java:83)
at org.openqa.selenium.remote.RemoteWebDriver.execute(RemoteWebDriver.java:552)
at org.openqa.selenium.remote.RemoteWebDriver.startSession(RemoteWebDriver.java:213)
at org.openqa.selenium.remote.RemoteWebDriver.<init>(RemoteWebDriver.java:131)
at org.openqa.selenium.chrome.ChromeDriver.<init>(ChromeDriver.java:181)
at org.openqa.selenium.chrome.ChromeDriver.<init>(ChromeDriver.java:168)
at org.openqa.selenium.chrome.ChromeDriver.<init>(ChromeDriver.java:123)
at testing_dependency_2.Page2.setUp(Page2.java:32)
at java.base/java.util.ArrayList.forEach(ArrayList.java:1378)
... Removed 35 stack frames]]>
    </failure>
  </testcase> <!-- @BeforeMethod setUp -->
  <testcase classname="testing_dependency_2.Page2" name="@AfterMethod teardown" time="0.001">
    <failure type="java.lang.NullPointerException">
      <![CDATA[java.lang.NullPointerException
at testing_dependency_2.Page2.teardown(Page2.java:80)
at java.base/java.util.ArrayList.forEach(ArrayList.java:1378)
... Removed 32 stack frames]]>
    </failure>
  </testcase> <!-- @AfterMethod teardown -->
  <testcase classname="testing_dependency_2.Page2" name="fun4" time="0.0">
    <skipped/>
  </testcase> <!-- fun4 -->
  <testcase classname="testing_dependency_2.Page2" name="fun2" time="0.0">
    <ignored/>
  </testcase> <!-- fun2 -->
  <testcase classname="testing_dependency_2.Page2" name="fun1" time="0.0">
    <ignored/>
  </testcase> <!-- fun1 -->
</testsuite> <!-- Test -->
